<?xml version="1.0" encoding="UTF-8"?>
<coverage generated="1692692800462" clover="3.2.0">
  <project timestamp="1692692800462" name="All files">
    <metrics statements="7" coveredstatements="7" conditionals="0" coveredconditionals="0" methods="5" coveredmethods="5" elements="12" coveredelements="12" complexity="0" loc="7" ncloc="7" packages="1" files="2" classes="2"/>
    <file name="handlers.mjs" path="/Users/keith/LocalCode/sc-bed/Module 1/Unit3/NinjaCoders/src/lib/handlers.mjs">
      <metrics statements="4" coveredstatements="4" conditionals="0" coveredconditionals="0" methods="4" coveredmethods="4"/>
      <line num="4" count="1" type="stmt"/>
      <line num="8" count="1" type="stmt"/>
      <line num="12" count="1" type="stmt"/>
      <line num="16" count="1" type="stmt"/>
    </file>
    <file name="tagline.mjs" path="/Users/keith/LocalCode/sc-bed/Module 1/Unit3/NinjaCoders/src/lib/tagline.mjs">
      <metrics statements="3" coveredstatements="3" conditionals="0" coveredconditionals="0" methods="1" coveredmethods="1"/>
      <line num="1" count="1" type="stmt"/>
      <line num="10" count="1" type="stmt"/>
      <line num="11" count="1" type="stmt"/>
    </file>
  </project>
</coverage>
