{"/Users/keith/LocalCode/sc-bed/Module 1/Unit3/NinjaCoders/src/lib/handlers.mjs": {"path":"/Users/keith/LocalCode/sc-bed/Module 1/Unit3/NinjaCoders/src/lib/handlers.mjs","statementMap":{"0":{"start":{"line":4,"column":2},"end":{"line":4,"column":21}},"1":{"start":{"line":8,"column":2},"end":{"line":8,"column":49}},"2":{"start":{"line":12,"column":2},"end":{"line":12,"column":20}},"3":{"start":{"line":16,"column":2},"end":{"line":16,"column":20}}},"fnMap":{"0":{"name":"home","decl":{"start":{"line":3,"column":16},"end":{"line":3,"column":20}},"loc":{"start":{"line":3,"column":31},"end":{"line":5,"column":1}},"line":3},"1":{"name":"about","decl":{"start":{"line":7,"column":16},"end":{"line":7,"column":21}},"loc":{"start":{"line":7,"column":32},"end":{"line":9,"column":1}},"line":7},"2":{"name":"notFound","decl":{"start":{"line":11,"column":16},"end":{"line":11,"column":24}},"loc":{"start":{"line":11,"column":35},"end":{"line":13,"column":1}},"line":11},"3":{"name":"serverError","decl":{"start":{"line":15,"column":16},"end":{"line":15,"column":27}},"loc":{"start":{"line":15,"column":49},"end":{"line":17,"column":1}},"line":15}},"branchMap":{},"s":{"0":1,"1":1,"2":1,"3":1},"f":{"0":1,"1":1,"2":1,"3":1},"b":{},"inputSourceMap":null,"_coverageSchema":"1a1c01bbd47fc00a2c39e90264f33305004495a9","hash":"b9f3a7acb819496eecc2704537c6af7cb2a658cf"}
,"/Users/keith/LocalCode/sc-bed/Module 1/Unit3/NinjaCoders/src/lib/tagline.mjs": {"path":"/Users/keith/LocalCode/sc-bed/Module 1/Unit3/NinjaCoders/src/lib/tagline.mjs","statementMap":{"0":{"start":{"line":1,"column":17},"end":{"line":7,"column":1}},"1":{"start":{"line":10,"column":16},"end":{"line":10,"column":59}},"2":{"start":{"line":11,"column":4},"end":{"line":11,"column":25}}},"fnMap":{"0":{"name":"getTagline","decl":{"start":{"line":9,"column":16},"end":{"line":9,"column":26}},"loc":{"start":{"line":9,"column":29},"end":{"line":12,"column":1}},"line":9}},"branchMap":{},"s":{"0":1,"1":1,"2":1},"f":{"0":1},"b":{},"inputSourceMap":null,"_coverageSchema":"1a1c01bbd47fc00a2c39e90264f33305004495a9","hash":"c13b606b5f1cb4cd0074bb537af246f1c1da27d9"}
}
